<?xml version="1.0" encoding="UTF-8"?>
<testng-results skipped="0" failed="0" total="1" passed="1">
  <reporter-output>
  </reporter-output>
  <suite name="Default suite" duration-ms="40734" started-at="2022-05-27T05:43:51Z" finished-at="2022-05-27T05:44:31Z">
    <groups>
    </groups>
    <test name="Default test" duration-ms="40734" started-at="2022-05-27T05:43:51Z" finished-at="2022-05-27T05:44:31Z">
      <class name="org.data.NewJob">
        <test-method status="PASS" signature="startBrowser()[pri:0, instance:org.data.NewJob@68be2bc2]" name="startBrowser" is-config="true" duration-ms="2868" started-at="2022-05-27T11:13:51Z" finished-at="2022-05-27T11:13:54Z">
          <reporter-output>
          </reporter-output>
        </test-method> <!-- startBrowser -->
        <test-method status="PASS" signature="startTime()[pri:0, instance:org.data.NewJob@68be2bc2]" name="startTime" is-config="true" duration-ms="0" started-at="2022-05-27T11:13:54Z" finished-at="2022-05-27T11:13:54Z">
          <reporter-output>
          </reporter-output>
        </test-method> <!-- startTime -->
        <test-method status="PASS" signature="testCase1()[pri:0, instance:org.data.NewJob@68be2bc2]" name="testCase1" duration-ms="37831" started-at="2022-05-27T11:13:54Z" finished-at="2022-05-27T11:14:31Z">
          <reporter-output>
          </reporter-output>
        </test-method> <!-- testCase1 -->
        <test-method status="PASS" signature="endTime()[pri:0, instance:org.data.NewJob@68be2bc2]" name="endTime" is-config="true" duration-ms="1" started-at="2022-05-27T11:14:31Z" finished-at="2022-05-27T11:14:31Z">
          <reporter-output>
          </reporter-output>
        </test-method> <!-- endTime -->
      </class> <!-- org.data.NewJob -->
    </test> <!-- Default test -->
  </suite> <!-- Default suite -->
</testng-results>
